2023.05.14 22:13:10 INFO  Started: Metals version 0.11.12 in workspace 'D:\Repo\sparkcql' for client Visual Studio Code 1.78.2.
May 14, 2023 10:13:10 PM org.flywaydb.core.internal.license.VersionPrinter printVersionOnly
INFO: Flyway Community Edition 9.16.3 by Redgate
May 14, 2023 10:13:10 PM org.flywaydb.core.internal.license.VersionPrinter printVersion
INFO: See release notes here: https://rd.gt/416ObMi
May 14, 2023 10:13:10 PM org.flywaydb.core.internal.license.VersionPrinter printVersion
INFO: 
May 14, 2023 10:13:11 PM org.flywaydb.core.internal.database.base.BaseDatabaseType createDatabase
INFO: Database: jdbc:h2:file:D:\Repo\sparkcql\.metals\metals (H2 2.1)
May 14, 2023 10:13:11 PM org.flywaydb.core.internal.schemahistory.JdbcTableSchemaHistory allAppliedMigrations
INFO: Schema history table "PUBLIC"."flyway_schema_history" does not exist yet
May 14, 2023 10:13:11 PM org.flywaydb.core.internal.command.DbValidate validate
INFO: Successfully validated 4 migrations (execution time 00:00.020s)
May 14, 2023 10:13:11 PM org.flywaydb.core.internal.schemahistory.JdbcTableSchemaHistory create
INFO: Creating Schema History table "PUBLIC"."flyway_schema_history" ...
May 14, 2023 10:13:11 PM org.flywaydb.core.internal.command.DbMigrate migrateGroup
INFO: Current version of schema "PUBLIC": << Empty Schema >>
May 14, 2023 10:13:11 PM org.flywaydb.core.internal.command.DbMigrate doMigrateGroup
INFO: Migrating schema "PUBLIC" to version "1 - Create tables"
May 14, 2023 10:13:11 PM org.flywaydb.core.internal.command.DbMigrate doMigrateGroup
INFO: Migrating schema "PUBLIC" to version "2 - Server discovery"
May 14, 2023 10:13:11 PM org.flywaydb.core.internal.command.DbMigrate doMigrateGroup
INFO: Migrating schema "PUBLIC" to version "3 - Jar symbols"
May 14, 2023 10:13:11 PM org.flywaydb.core.internal.command.DbMigrate doMigrateGroup
INFO: Migrating schema "PUBLIC" to version "4 - Fingerprints"
May 14, 2023 10:13:11 PM org.flywaydb.core.internal.command.DbMigrate logSummary
INFO: Successfully applied 4 migrations to schema "PUBLIC", now at version v4 (execution time 00:00.059s)
2023.05.14 22:13:11 INFO  time: initialize in 0.61s
2023.05.14 22:13:13 WARN  Build server is not auto-connectable.
2023.05.14 22:13:13 WARN  no build tool detected in workspace 'D:\Repo\sparkcql'. The most common cause for this problem is that the editor was opened in the wrong working directory, for example if you use sbt then the workspace directory should contain build.sbt. 
2023.05.14 22:13:13 WARN  no build target for: D:\Repo\sparkcql\sparkcql\src\main\scala\gov\va\sparkcql\common\Formats.scala
2023.05.14 22:13:13 WARN  no build target for: D:\Repo\sparkcql\sparkcql\src\test\scala\gov\va\sparkcql\common\Formats.scala
2023.05.14 22:13:16 INFO  no build target found for D:\Repo\sparkcql\sparkcql\src\test\scala\gov\va\sparkcql\common\Formats.scala. Using presentation compiler with project's scala-library version: 3.2.2
2023.05.14 22:13:59 WARN  no build target for: D:\Repo\sparkcql\sparkcql\src\test\scala\gov\va\sparkcql\common\Formats.scala
2023.05.14 22:14:20 WARN  no build target for: D:\Repo\sparkcql\sparkcql\src\test\scala\gov\va\sparkcql\common\Formats.scala
2023.05.14 22:18:37 WARN  no build target for: D:\Repo\sparkcql\sparkcql\src\test\scala\gov\va\sparkcql\common\Formats.scala
2023.05.14 22:18:43 WARN  no build target for: D:\Repo\sparkcql\sparkcql\src\test\scala\gov\va\sparkcql\common\Formats.scala
2023.05.14 22:19:28 WARN  no build target for: D:\Repo\sparkcql\sparkcql\src\test\scala\gov\va\sparkcql\common\Formats.scala
2023.05.14 22:19:45 WARN  no build target for: D:\Repo\sparkcql\sparkcql\src\main\scala\gov\va\sparkcql\common\Stopwatch.java
2023.05.14 22:19:47 WARN  no build target for: D:\Repo\sparkcql\sparkcql\src\main\scala\gov\va\sparkcql\common\Stopwatch.java
2023.05.14 22:20:17 WARN  no build target for: D:\Repo\sparkcql\sparkcql\src\test\scala\gov\va\sparkcql\common\Formats.scala
2023.05.14 22:20:29 WARN  no build target for: D:\Repo\sparkcql\sparkcql\src\test\scala\gov\va\sparkcql\common\Formats.scala
2023.05.14 22:20:50 WARN  no build target for: D:\Repo\sparkcql\sparkcql\src\test\scala\gov\va\sparkcql\common\Formats.scala
2023.05.14 22:21:04 WARN  no build target for: D:\Repo\sparkcql\sparkcql\src\test\scala\gov\va\sparkcql\common\Formats.scala
2023.05.14 22:21:23 WARN  no build target for: D:\Repo\sparkcql\sparkcql\src\test\scala\gov\va\sparkcql\common\Formats.scala
2023.05.14 22:23:21 WARN  no build target for: D:\Repo\sparkcql\sparkcql\src\test\scala\gov\va\sparkcql\common\Formats.scala
2023.05.14 22:23:38 WARN  no build target for: D:\Repo\sparkcql\sparkcql\src\test\scala\gov\va\sparkcql\common\Formats.scala
2023.05.14 22:23:52 WARN  no build target for: D:\Repo\sparkcql\sparkcql\src\test\scala\gov\va\sparkcql\common\Formats.scala
2023.05.14 22:24:04 WARN  no build target for: D:\Repo\sparkcql\sparkcql\src\test\scala\gov\va\sparkcql\common\Formats.scala
2023.05.14 22:24:26 WARN  no build target for: D:\Repo\sparkcql\sparkcql\src\test\scala\gov\va\sparkcql\common\Formats.scala
2023.05.14 22:26:14 WARN  no build target for: D:\Repo\sparkcql\sparkcql\src\test\scala\gov\va\sparkcql\common\Formats.scala
2023.05.14 22:28:29 WARN  no build target for: D:\Repo\sparkcql\sparkcql\src\test\scala\gov\va\sparkcql\common\Formats.scala
2023.05.14 22:28:46 WARN  no build target for: D:\Repo\sparkcql\sparkcql\src\test\scala\gov\va\sparkcql\common\Formats.scala
2023.05.14 22:28:51 WARN  no build target for: D:\Repo\sparkcql\sparkcql\src\test\scala\gov\va\sparkcql\common\Formats.scala
2023.05.14 22:30:50 WARN  no build target for: D:\Repo\sparkcql\sparkcql\src\test\scala\gov\va\sparkcql\common\FormatsTest.scala
2023.05.14 22:31:01 WARN  no build target for: D:\Repo\sparkcql\sparkcql\src\test\scala\gov\va\sparkcql\common\FormatsTest.scala
2023.05.14 22:31:06 WARN  no build target for: D:\Repo\sparkcql\sparkcql\src\test\scala\gov\va\sparkcql\common\FormatsTest.scala
May 14, 2023 10:31:22 PM org.eclipse.lsp4j.jsonrpc.RemoteEndpoint handleCancellation
WARNING: Unmatched cancel notification for request id 836
Exception in thread "pool-3-thread-1" java.lang.InterruptedException
	at scala.meta.internal.metals.FutureCancelToken.checkCanceled(FutureCancelToken.scala:29)
	at scala.meta.internal.pc.CompilerAccess.onCompilerJobQueue$$anonfun$1(CompilerAccess.scala:195)
	at scala.meta.internal.pc.CompilerJobQueue$Job.run(CompilerJobQueue.scala:152)
	at java.base/java.util.concurrent.ThreadPoolExecutor.runWorker(ThreadPoolExecutor.java:1136)
	at java.base/java.util.concurrent.ThreadPoolExecutor$Worker.run(ThreadPoolExecutor.java:635)
	at java.base/java.lang.Thread.run(Thread.java:833)
2023.05.14 22:31:35 WARN  no build target for: D:\Repo\sparkcql\sparkcql\src\test\scala\gov\va\sparkcql\common\FormatsTest.scala
2023.05.14 22:31:37 WARN  no build target for: D:\Repo\sparkcql\sparkcql\src\test\scala\gov\va\sparkcql\common\FormatsTest.scala
2023.05.14 22:34:56 WARN  no build target for: D:\Repo\sparkcql\sparkcql\src\test\scala\gov\va\sparkcql\common\FormatsTest.scala
2023.05.14 22:34:58 WARN  no build target for: D:\Repo\sparkcql\sparkcql\src\test\scala\gov\va\sparkcql\common\FormatsTest.scala
2023.05.14 22:35:20 WARN  no build target for: D:\Repo\sparkcql\sparkcql\src\test\scala\gov\va\sparkcql\common\FormatsTest.scala
2023.05.14 22:36:13 WARN  no build target for: D:\Repo\sparkcql\sparkcql\src\test\scala\gov\va\sparkcql\common\FormatsTest.scala
2023.05.14 22:36:17 WARN  no build target for: D:\Repo\sparkcql\sparkcql\src\test\scala\gov\va\sparkcql\common\FormatsTest.scala
2023.05.14 22:36:18 WARN  no build target for: D:\Repo\sparkcql\sparkcql\src\test\scala\gov\va\sparkcql\common\FormatsTest.scala
2023.05.14 22:36:41 WARN  no build target for: D:\Repo\sparkcql\sparkcql\src\test\scala\gov\va\sparkcql\common\FormatsTest.scala
2023.05.14 22:38:22 WARN  no build target for: D:\Repo\sparkcql\sparkcql\src\test\scala\gov\va\sparkcql\common\FormatsTest.scala
2023.05.14 22:38:39 WARN  no build target for: D:\Repo\sparkcql\sparkcql\src\test\scala\gov\va\sparkcql\common\FormatsTest.scala
2023.05.14 22:39:08 WARN  no build target for: D:\Repo\sparkcql\sparkcql\src\test\scala\gov\va\sparkcql\common\FormatsTest.scala
2023.05.14 22:40:51 WARN  no build target for: D:\Repo\sparkcql\sparkcql\src\test\scala\gov\va\sparkcql\common\FormatsTest.scala
2023.05.14 22:41:09 WARN  no build target for: D:\Repo\sparkcql\sparkcql\src\test\scala\gov\va\sparkcql\common\FormatsTest.scala
2023.05.14 22:43:28 WARN  no build target for: D:\Repo\sparkcql\sparkcql\src\test\scala\gov\va\sparkcql\common\FormatsTest.scala
2023.05.14 22:44:40 WARN  no build target for: D:\Repo\sparkcql\sparkcql\src\test\scala\gov\va\sparkcql\common\FormatsTest.scala
2023.05.14 22:44:55 WARN  no build target for: D:\Repo\sparkcql\sparkcql\src\test\scala\gov\va\sparkcql\common\FormatsTest.scala
2023.05.14 22:48:51 WARN  no build target for: D:\Repo\sparkcql\sparkcql\src\test\scala\gov\va\sparkcql\common\FormatsTest.scala
2023.05.14 22:48:56 WARN  no build target for: D:\Repo\sparkcql\sparkcql\src\test\scala\gov\va\sparkcql\common\FormatsTest.scala
2023.05.14 22:49:13 WARN  no build target for: D:\Repo\sparkcql\sparkcql\src\test\scala\gov\va\sparkcql\common\FormatsTest.scala
2023.05.14 22:49:25 WARN  no build target for: D:\Repo\sparkcql\sparkcql\src\main\scala\gov\va\sparkcql\common\Formats.scala
2023.05.14 22:49:27 WARN  no build target for: D:\Repo\sparkcql\sparkcql\src\main\scala\gov\va\sparkcql\common\Resources.java
2023.05.14 22:49:35 WARN  no build target for: D:\Repo\sparkcql\sparkcql\src\main\scala\gov\va\sparkcql\common\Stopwatch.java
2023.05.14 22:49:36 WARN  no build target for: D:\Repo\sparkcql\sparkcql\src\main\scala\gov\va\sparkcql\common\Resources.java
2023.05.14 22:49:37 WARN  no build target for: D:\Repo\sparkcql\sparkcql\src\main\scala\gov\va\sparkcql\common\Stopwatch.java
2023.05.14 22:49:39 WARN  no build target for: D:\Repo\sparkcql\sparkcql\src\main\scala\gov\va\sparkcql\common\Resources.java
2023.05.14 22:49:43 WARN  no build target for: D:\Repo\sparkcql\sparkcql\src\main\scala\gov\va\sparkcql\common\Resources.java
2023.05.14 22:49:44 WARN  no build target for: D:\Repo\sparkcql\sparkcql\src\main\scala\gov\va\sparkcql\common\Stopwatch.java
2023.05.14 22:50:05 WARN  no build target for: D:\Repo\sparkcql\sparkcql\src\main\scala\gov\va\sparkcql\common\Formats.scala
2023.05.14 22:50:12 WARN  no build target for: D:\Repo\sparkcql\sparkcql\src\test\scala\gov\va\sparkcql\common\StopwatchTest.scala
2023.05.14 22:50:14 WARN  no build target for: D:\Repo\sparkcql\sparkcql\src\test\scala\gov\va\sparkcql\common\StopwatchTest.scala
2023.05.14 22:50:51 WARN  no build target for: D:\Repo\sparkcql\sparkcql\src\main\scala\gov\va\sparkcql\common\Stopwatch.scala
2023.05.14 22:51:22 WARN  no build target for: D:\Repo\sparkcql\sparkcql\src\main\scala\gov\va\sparkcql\common\Stopwatch.scala
2023.05.14 22:51:26 WARN  no build target for: D:\Repo\sparkcql\sparkcql\src\test\scala\gov\va\sparkcql\common\StopwatchTest.scala
2023.05.14 22:51:32 WARN  no build target for: D:\Repo\sparkcql\sparkcql\src\main\scala\gov\va\sparkcql\common\Stopwatch.scala
2023.05.14 22:53:04 INFO  Shutting down server
2023.05.14 22:53:04 INFO  shutting down Metals
2023.05.14 22:53:04 INFO  Exiting server
2023.05.14 22:53:13 INFO  Started: Metals version 0.11.12 in workspace 'D:\Repo\sparkcql' for client Visual Studio Code 1.78.2.
May 14, 2023 10:53:13 PM org.flywaydb.core.internal.license.VersionPrinter printVersionOnly
INFO: Flyway Community Edition 9.16.3 by Redgate
May 14, 2023 10:53:13 PM org.flywaydb.core.internal.license.VersionPrinter printVersion
INFO: See release notes here: https://rd.gt/416ObMi
May 14, 2023 10:53:13 PM org.flywaydb.core.internal.license.VersionPrinter printVersion
INFO: 
May 14, 2023 10:53:13 PM org.flywaydb.core.internal.database.base.BaseDatabaseType createDatabase
INFO: Database: jdbc:h2:file:D:\Repo\sparkcql\.metals\metals (H2 2.1)
May 14, 2023 10:53:14 PM org.flywaydb.core.internal.command.DbValidate validate
INFO: Successfully validated 4 migrations (execution time 00:00.021s)
May 14, 2023 10:53:14 PM org.flywaydb.core.internal.command.DbMigrate migrateGroup
INFO: Current version of schema "PUBLIC": 4
May 14, 2023 10:53:14 PM org.flywaydb.core.internal.command.DbMigrate logSummary
INFO: Schema "PUBLIC" is up to date. No migration necessary.
2023.05.14 22:53:14 INFO  time: initialize in 0.59s
2023.05.14 22:53:16 WARN  Build server is not auto-connectable.
2023.05.14 22:53:16 WARN  no build tool detected in workspace 'D:\Repo\sparkcql'. The most common cause for this problem is that the editor was opened in the wrong working directory, for example if you use sbt then the workspace directory should contain build.sbt. 
2023.05.14 22:53:17 WARN  no build target for: D:\Repo\sparkcql\sparkcql\src\main\scala\gov\va\sparkcql\common\Stopwatch.scala
May 14, 2023 10:53:17 PM org.eclipse.lsp4j.jsonrpc.RemoteEndpoint handleCancellation
WARNING: Unmatched cancel notification for request id 1
2023.05.14 22:53:20 INFO  no build target found for D:\Repo\sparkcql\sparkcql\src\main\scala\gov\va\sparkcql\common\Stopwatch.scala. Using presentation compiler with project's scala-library version: 3.2.2
May 14, 2023 10:53:22 PM org.eclipse.lsp4j.jsonrpc.RemoteEndpoint handleCancellation
WARNING: Unmatched cancel notification for request id 6
Exception in thread "pool-3-thread-1" java.lang.InterruptedException
	at scala.meta.internal.metals.FutureCancelToken.checkCanceled(FutureCancelToken.scala:29)
	at scala.meta.internal.pc.CompilerAccess.onCompilerJobQueue$$anonfun$1(CompilerAccess.scala:195)
	at scala.meta.internal.pc.CompilerJobQueue$Job.run(CompilerJobQueue.scala:152)
	at java.base/java.util.concurrent.ThreadPoolExecutor.runWorker(ThreadPoolExecutor.java:1136)
	at java.base/java.util.concurrent.ThreadPoolExecutor$Worker.run(ThreadPoolExecutor.java:635)
	at java.base/java.lang.Thread.run(Thread.java:833)
May 14, 2023 10:53:22 PM org.eclipse.lsp4j.jsonrpc.RemoteEndpoint handleCancellation
WARNING: Unmatched cancel notification for request id 7
May 14, 2023 10:53:22 PM org.eclipse.lsp4j.jsonrpc.RemoteEndpoint handleCancellation
WARNING: Unmatched cancel notification for request id 12
May 14, 2023 10:53:22 PM org.eclipse.lsp4j.jsonrpc.RemoteEndpoint handleCancellation
WARNING: Unmatched cancel notification for request id 17
May 14, 2023 10:53:22 PM org.eclipse.lsp4j.jsonrpc.RemoteEndpoint handleCancellation
WARNING: Unmatched cancel notification for request id 20
May 14, 2023 10:53:22 PM org.eclipse.lsp4j.jsonrpc.RemoteEndpoint handleCancellation
WARNING: Unmatched cancel notification for request id 11
May 14, 2023 10:53:34 PM org.eclipse.lsp4j.jsonrpc.RemoteEndpoint handleCancellation
WARNING: Unmatched cancel notification for request id 61
Exception in thread "pool-3-thread-2" java.lang.InterruptedException
	at scala.meta.internal.metals.FutureCancelToken.checkCanceled(FutureCancelToken.scala:29)
	at scala.meta.internal.pc.CompilerAccess.onCompilerJobQueue$$anonfun$1(CompilerAccess.scala:195)
	at scala.meta.internal.pc.CompilerJobQueue$Job.run(CompilerJobQueue.scala:152)
	at java.base/java.util.concurrent.ThreadPoolExecutor.runWorker(ThreadPoolExecutor.java:1136)
	at java.base/java.util.concurrent.ThreadPoolExecutor$Worker.run(ThreadPoolExecutor.java:635)
	at java.base/java.lang.Thread.run(Thread.java:833)
2023.05.14 22:53:53 WARN  no build target for: D:\Repo\sparkcql\sparkcql\src\main\scala\gov\va\sparkcql\common\Stopwatch.scala
2023.05.14 22:54:05 WARN  no build target for: D:\Repo\sparkcql\sparkcql\src\main\scala\gov\va\sparkcql\common\Stopwatch.scala
2023.05.14 22:54:45 WARN  no build target for: D:\Repo\sparkcql\sparkcql\src\main\scala\gov\va\sparkcql\common\Stopwatch.scala
2023.05.14 22:55:04 WARN  no build target for: D:\Repo\sparkcql\sparkcql\src\main\scala\gov\va\sparkcql\common\Stopwatch.scala
2023.05.14 22:55:13 WARN  no build target for: D:\Repo\sparkcql\sparkcql\src\test\scala\gov\va\sparkcql\common\StopwatchTest.scala
2023.05.14 22:55:30 WARN  no build target for: D:\Repo\sparkcql\sparkcql\src\test\scala\gov\va\sparkcql\common\StopwatchTest.scala
2023.05.14 22:55:41 WARN  no build target for: D:\Repo\sparkcql\sparkcql\src\test\scala\gov\va\sparkcql\common\StopwatchTest.scala
2023.05.14 22:55:48 WARN  no build target for: D:\Repo\sparkcql\sparkcql\src\main\scala\gov\va\sparkcql\common\Stopwatch.scala
2023.05.14 22:56:27 WARN  no build target for: D:\Repo\sparkcql\sparkcql\src\main\scala\gov\va\sparkcql\common\Stopwatch.scala
2023.05.14 22:56:41 WARN  no build target for: D:\Repo\sparkcql\sparkcql\src\main\scala\gov\va\sparkcql\common\Stopwatch.scala
2023.05.14 22:56:50 WARN  no build target for: D:\Repo\sparkcql\sparkcql\src\main\scala\gov\va\sparkcql\common\Stopwatch.scala
2023.05.14 22:56:56 WARN  no build target for: D:\Repo\sparkcql\sparkcql\src\main\scala\gov\va\sparkcql\common\Stopwatch.scala
May 14, 2023 10:57:22 PM org.eclipse.lsp4j.jsonrpc.RemoteEndpoint fallbackResponseError
SEVERE: Internal error: org.eclipse.jdt.core.compiler.InvalidInputException: Invalid_Char_In_String
java.util.concurrent.CompletionException: org.eclipse.jdt.core.compiler.InvalidInputException: Invalid_Char_In_String
	at java.base/java.util.concurrent.CompletableFuture.encodeThrowable(CompletableFuture.java:332)
	at java.base/java.util.concurrent.CompletableFuture.completeThrowable(CompletableFuture.java:347)
	at java.base/java.util.concurrent.CompletableFuture$UniAccept.tryFire(CompletableFuture.java:708)
	at java.base/java.util.concurrent.CompletableFuture.postComplete(CompletableFuture.java:510)
	at java.base/java.util.concurrent.CompletableFuture.completeExceptionally(CompletableFuture.java:2162)
	at scala.meta.internal.metals.CancelTokens$.$anonfun$future$1(CancelTokens.scala:40)
	at scala.meta.internal.metals.CancelTokens$.$anonfun$future$1$adapted(CancelTokens.scala:38)
	at scala.concurrent.impl.Promise$Transformation.run(Promise.scala:484)
	at java.base/java.util.concurrent.ThreadPoolExecutor.runWorker(ThreadPoolExecutor.java:1136)
	at java.base/java.util.concurrent.ThreadPoolExecutor$Worker.run(ThreadPoolExecutor.java:635)
	at java.base/java.lang.Thread.run(Thread.java:833)
Caused by: org.eclipse.jdt.core.compiler.InvalidInputException: Invalid_Char_In_String
	at org.eclipse.jdt.internal.core.util.PublicScanner.getNextToken(PublicScanner.java:1564)
	at scala.meta.internal.parsing.JavaFoldingRangeExtractor.next$1(JavaFoldingRangeExtractor.scala:102)
	at scala.meta.internal.parsing.JavaFoldingRangeExtractor.gather$1(JavaFoldingRangeExtractor.scala:149)
	at scala.meta.internal.parsing.JavaFoldingRangeExtractor.extract(JavaFoldingRangeExtractor.scala:157)
	at scala.meta.internal.parsing.FoldingRangeProvider.$anonfun$getRangedForJava$2(FoldingRangeProvider.scala:48)
	at scala.Option$WithFilter.map(Option.scala:242)
	at scala.meta.internal.parsing.FoldingRangeProvider.getRangedForJava(FoldingRangeProvider.scala:43)
	at scala.meta.internal.metals.MetalsLspService.$anonfun$foldingRange$3(MetalsLspService.scala:1795)
	at scala.concurrent.Future$.$anonfun$apply$1(Future.scala:678)
	at scala.concurrent.impl.Promise$Transformation.run(Promise.scala:467)
	... 3 more

May 14, 2023 10:57:25 PM org.eclipse.lsp4j.jsonrpc.RemoteEndpoint handleCancellation
WARNING: Unmatched cancel notification for request id 477
2023.05.14 22:57:41 WARN  no build target for: D:\Repo\sparkcql\sparkcql\src\main\scala\gov\va\sparkcql\common\Stopwatch.scala
2023.05.14 22:57:53 WARN  no build target for: D:\Repo\sparkcql\sparkcql\src\test\scala\gov\va\sparkcql\common\StopwatchTest.scala
2023.05.14 22:57:56 WARN  no build target for: D:\Repo\sparkcql\sparkcql\src\main\scala\gov\va\sparkcql\common\Stopwatch.scala
May 14, 2023 10:58:13 PM org.eclipse.lsp4j.jsonrpc.RemoteEndpoint fallbackResponseError
SEVERE: Internal error: org.eclipse.jdt.core.compiler.InvalidInputException: Invalid_Char_In_String
java.util.concurrent.CompletionException: org.eclipse.jdt.core.compiler.InvalidInputException: Invalid_Char_In_String
	at java.base/java.util.concurrent.CompletableFuture.encodeThrowable(CompletableFuture.java:332)
	at java.base/java.util.concurrent.CompletableFuture.completeThrowable(CompletableFuture.java:347)
	at java.base/java.util.concurrent.CompletableFuture$UniAccept.tryFire(CompletableFuture.java:708)
	at java.base/java.util.concurrent.CompletableFuture.postComplete(CompletableFuture.java:510)
	at java.base/java.util.concurrent.CompletableFuture.completeExceptionally(CompletableFuture.java:2162)
	at scala.meta.internal.metals.CancelTokens$.$anonfun$future$1(CancelTokens.scala:40)
	at scala.meta.internal.metals.CancelTokens$.$anonfun$future$1$adapted(CancelTokens.scala:38)
	at scala.concurrent.impl.Promise$Transformation.run(Promise.scala:484)
	at java.base/java.util.concurrent.ThreadPoolExecutor.runWorker(ThreadPoolExecutor.java:1136)
	at java.base/java.util.concurrent.ThreadPoolExecutor$Worker.run(ThreadPoolExecutor.java:635)
	at java.base/java.lang.Thread.run(Thread.java:833)
Caused by: org.eclipse.jdt.core.compiler.InvalidInputException: Invalid_Char_In_String
	at org.eclipse.jdt.internal.core.util.PublicScanner.getNextToken(PublicScanner.java:1564)
	at scala.meta.internal.parsing.JavaFoldingRangeExtractor.next$1(JavaFoldingRangeExtractor.scala:102)
	at scala.meta.internal.parsing.JavaFoldingRangeExtractor.gather$1(JavaFoldingRangeExtractor.scala:149)
	at scala.meta.internal.parsing.JavaFoldingRangeExtractor.extract(JavaFoldingRangeExtractor.scala:157)
	at scala.meta.internal.parsing.FoldingRangeProvider.$anonfun$getRangedForJava$2(FoldingRangeProvider.scala:48)
	at scala.Option$WithFilter.map(Option.scala:242)
	at scala.meta.internal.parsing.FoldingRangeProvider.getRangedForJava(FoldingRangeProvider.scala:43)
	at scala.meta.internal.metals.MetalsLspService.$anonfun$foldingRange$3(MetalsLspService.scala:1795)
	at scala.concurrent.Future$.$anonfun$apply$1(Future.scala:678)
	at scala.concurrent.impl.Promise$Transformation.run(Promise.scala:467)
	... 3 more

2023.05.14 22:58:35 WARN  no build target for: D:\Repo\sparkcql\sparkcql\src\main\scala\gov\va\sparkcql\common\Stopwatch.scala
2023.05.14 22:58:38 WARN  no build target for: D:\Repo\sparkcql\sparkcql\src\main\scala\gov\va\sparkcql\common\Stopwatch.scala
2023.05.14 22:58:52 WARN  no build target for: D:\Repo\sparkcql\sparkcql\src\main\scala\gov\va\sparkcql\common\Stopwatch.scala
2023.05.14 22:59:15 WARN  no build target for: D:\Repo\sparkcql\sparkcql\src\test\scala\gov\va\sparkcql\common\StopwatchTest.scala
2023.05.14 23:02:14 WARN  no build target for: D:\Repo\sparkcql\sparkcql\src\main\scala\gov\va\sparkcql\common\Stopwatch.scala
2023.05.14 23:02:28 WARN  no build target for: D:\Repo\sparkcql\sparkcql\src\main\scala\gov\va\sparkcql\common\Stopwatch.scala
2023.05.14 23:03:19 WARN  no build target for: D:\Repo\sparkcql\sparkcql\src\main\scala\gov\va\sparkcql\common\Stopwatch.scala
2023.05.14 23:03:50 WARN  no build target for: D:\Repo\sparkcql\sparkcql\src\main\scala\gov\va\sparkcql\common\Stopwatch.scala
2023.05.14 23:03:56 WARN  no build target for: D:\Repo\sparkcql\sparkcql\src\main\scala\gov\va\sparkcql\common\Stopwatch.scala
2023.05.14 23:04:26 WARN  no build target for: D:\Repo\sparkcql\sparkcql\src\main\scala\gov\va\sparkcql\common\Stopwatch.scala
2023.05.14 23:04:34 WARN  no build target for: D:\Repo\sparkcql\sparkcql\src\main\scala\gov\va\sparkcql\common\Stopwatch.scala
May 14, 2023 11:10:28 PM org.eclipse.lsp4j.jsonrpc.RemoteEndpoint handleCancellation
WARNING: Unmatched cancel notification for request id 1473
Exception in thread "pool-3-thread-3" java.lang.InterruptedException
	at scala.meta.internal.metals.FutureCancelToken.checkCanceled(FutureCancelToken.scala:29)
	at scala.meta.internal.pc.CompilerAccess.onCompilerJobQueue$$anonfun$1(CompilerAccess.scala:195)
	at scala.meta.internal.pc.CompilerJobQueue$Job.run(CompilerJobQueue.scala:152)
	at java.base/java.util.concurrent.ThreadPoolExecutor.runWorker(ThreadPoolExecutor.java:1136)
	at java.base/java.util.concurrent.ThreadPoolExecutor$Worker.run(ThreadPoolExecutor.java:635)
	at java.base/java.lang.Thread.run(Thread.java:833)
Exception in thread "pool-3-thread-4" java.lang.InterruptedException
	at scala.meta.internal.metals.FutureCancelToken.checkCanceled(FutureCancelToken.scala:29)
	at scala.meta.internal.pc.CompilerAccess.onCompilerJobQueue$$anonfun$1(CompilerAccess.scala:195)
	at scala.meta.internal.pc.CompilerJobQueue$Job.run(CompilerJobQueue.scala:152)
	at java.base/java.util.concurrent.ThreadPoolExecutor.runWorker(ThreadPoolExecutor.java:1136)
	at java.base/java.util.concurrent.ThreadPoolExecutor$Worker.run(ThreadPoolExecutor.java:635)
	at java.base/java.lang.Thread.run(Thread.java:833)
2023.05.14 23:13:17 WARN  no build target for: D:\Repo\sparkcql\sparkcql\src\main\scala\gov\va\sparkcql\common\Stopwatch.scala
2023.05.14 23:13:22 WARN  no build target for: D:\Repo\sparkcql\sparkcql\src\main\scala\gov\va\sparkcql\common\Stopwatch.scala
2023.05.14 23:13:52 WARN  no build target for: D:\Repo\sparkcql\sparkcql\src\main\scala\gov\va\sparkcql\common\Stopwatch.scala
2023.05.14 23:15:57 WARN  no build target for: D:\Repo\sparkcql\sparkcql\src\main\scala\gov\va\sparkcql\common\Stopwatch.scala
2023.05.14 23:16:56 WARN  no build target for: D:\Repo\sparkcql\sparkcql\src\main\scala\gov\va\sparkcql\common\Stopwatch.scala
May 14, 2023 11:16:58 PM org.eclipse.lsp4j.jsonrpc.services.GenericEndpoint notify
INFO: Unsupported notification method: $/setTrace
2023.05.14 23:19:05 WARN  no build target for: D:\Repo\sparkcql\sparkcql\src\main\scala\gov\va\sparkcql\common\Stopwatch.scala
2023.05.14 23:19:29 WARN  no build target for: D:\Repo\sparkcql\sparkcql\src\main\scala\gov\va\sparkcql\common\Stopwatch.scala
2023.05.14 23:19:42 WARN  no build target for: D:\Repo\sparkcql\sparkcql\src\main\scala\gov\va\sparkcql\common\Stopwatch.scala
2023.05.14 23:19:48 WARN  no build target for: D:\Repo\sparkcql\sparkcql\src\main\scala\gov\va\sparkcql\common\Stopwatch.scala
2023.05.14 23:20:02 WARN  no build target for: D:\Repo\sparkcql\sparkcql\src\main\scala\gov\va\sparkcql\common\Stopwatch.scala
May 14, 2023 11:20:09 PM org.eclipse.lsp4j.jsonrpc.RemoteEndpoint handleCancellation
WARNING: Unmatched cancel notification for request id 2211
2023.05.14 23:20:34 WARN  no build target for: D:\Repo\sparkcql\sparkcql\src\main\scala\gov\va\sparkcql\common\Stopwatch.scala
2023.05.14 23:20:37 WARN  no build target for: D:\Repo\sparkcql\sparkcql\src\main\scala\gov\va\sparkcql\common\Stopwatch.scala
May 14, 2023 11:20:39 PM org.eclipse.lsp4j.jsonrpc.RemoteEndpoint handleCancellation
WARNING: Unmatched cancel notification for request id 2289
2023.05.14 23:20:39 WARN  no build target for: D:\Repo\sparkcql\sparkcql\src\main\scala\gov\va\sparkcql\common\Stopwatch.scala
2023.05.14 23:20:58 WARN  no build target for: D:\Repo\sparkcql\sparkcql\src\main\scala\gov\va\sparkcql\common\Stopwatch.scala
2023.05.14 23:21:04 WARN  no build target for: D:\Repo\sparkcql\sparkcql\src\main\scala\gov\va\sparkcql\common\Stopwatch.scala
2023.05.14 23:21:48 WARN  no build target for: D:\Repo\sparkcql\sparkcql\src\test\scala\gov\va\sparkcql\common\StopwatchTest.scala
2023.05.14 23:22:32 WARN  no build target for: D:\Repo\sparkcql\sparkcql\src\test\scala\gov\va\sparkcql\common\StopwatchTest.scala
2023.05.14 23:22:43 WARN  no build target for: D:\Repo\sparkcql\sparkcql\src\test\scala\gov\va\sparkcql\common\StopwatchTest.scala
2023.05.14 23:23:01 WARN  no build target for: D:\Repo\sparkcql\sparkcql\src\test\scala\gov\va\sparkcql\common\StopwatchTest.scala
2023.05.14 23:23:10 WARN  no build target for: D:\Repo\sparkcql\sparkcql\src\test\scala\gov\va\sparkcql\common\StopwatchTest.scala
2023.05.14 23:23:44 WARN  no build target for: D:\Repo\sparkcql\sparkcql\src\test\scala\gov\va\sparkcql\common\StopwatchTest.scala
2023.05.14 23:23:50 WARN  no build target for: D:\Repo\sparkcql\sparkcql\src\test\scala\gov\va\sparkcql\common\StopwatchTest.scala
May 14, 2023 11:24:03 PM org.eclipse.lsp4j.jsonrpc.RemoteEndpoint handleCancellation
WARNING: Unmatched cancel notification for request id 2791
2023.05.14 23:24:05 WARN  no build target for: D:\Repo\sparkcql\sparkcql\src\main\scala\gov\va\sparkcql\common\Stopwatch.scala
2023.05.14 23:24:11 WARN  no build target for: D:\Repo\sparkcql\sparkcql\src\test\scala\gov\va\sparkcql\common\StopwatchTest.scala
2023.05.14 23:24:33 WARN  no build target for: D:\Repo\sparkcql\sparkcql\src\main\scala\gov\va\sparkcql\common\Stopwatch.scala
2023.05.14 23:24:39 WARN  no build target for: D:\Repo\sparkcql\sparkcql\src\main\scala\gov\va\sparkcql\common\Stopwatch.scala
May 14, 2023 11:24:45 PM org.eclipse.lsp4j.jsonrpc.RemoteEndpoint handleCancellation
WARNING: Unmatched cancel notification for request id 2877
2023.05.14 23:24:46 WARN  no build target for: D:\Repo\sparkcql\sparkcql\src\main\scala\gov\va\sparkcql\common\Stopwatch.scala
2023.05.14 23:24:59 WARN  no build target for: D:\Repo\sparkcql\sparkcql\src\main\scala\gov\va\sparkcql\common\Stopwatch.scala
2023.05.14 23:25:05 WARN  no build target for: D:\Repo\sparkcql\sparkcql\src\main\scala\gov\va\sparkcql\common\Stopwatch.scala
2023.05.14 23:25:10 WARN  no build target for: D:\Repo\sparkcql\sparkcql\src\main\scala\gov\va\sparkcql\common\Stopwatch.scala
2023.05.14 23:26:09 WARN  no build target for: D:\Repo\sparkcql\sparkcql\src\main\scala\gov\va\sparkcql\common\Stopwatch.scala
2023.05.14 23:26:27 WARN  no build target for: D:\Repo\sparkcql\sparkcql\src\main\scala\gov\va\sparkcql\common\Stopwatch.scala
2023.05.14 23:26:56 WARN  no build target for: D:\Repo\sparkcql\sparkcql\src\main\scala\gov\va\sparkcql\common\Stopwatch.scala
2023.05.14 23:27:33 WARN  no build target for: D:\Repo\sparkcql\sparkcql\src\test\scala\gov\va\sparkcql\common\StopwatchTest.scala
2023.05.14 23:27:48 WARN  no build target for: D:\Repo\sparkcql\sparkcql\src\test\scala\gov\va\sparkcql\common\StopwatchTest.scala
2023.05.14 23:28:30 WARN  no build target for: D:\Repo\sparkcql\sparkcql\src\test\scala\gov\va\sparkcql\common\StopwatchTest.scala
2023.05.14 23:28:44 WARN  no build target for: D:\Repo\sparkcql\sparkcql\src\test\scala\gov\va\sparkcql\common\StopwatchTest.scala
2023.05.14 23:29:10 WARN  no build target for: D:\Repo\sparkcql\sparkcql\src\test\scala\gov\va\sparkcql\common\StopwatchTest.scala
2023.05.14 23:29:28 WARN  no build target for: D:\Repo\sparkcql\sparkcql\src\test\scala\gov\va\sparkcql\common\StopwatchTest.scala
2023.05.14 23:29:58 WARN  no build target for: D:\Repo\sparkcql\sparkcql\src\test\scala\gov\va\sparkcql\common\StopwatchTest.scala
2023.05.14 23:30:20 WARN  no build target for: D:\Repo\sparkcql\sparkcql\src\main\scala\gov\va\sparkcql\common\Stopwatch.scala
May 14, 2023 11:30:41 PM org.eclipse.lsp4j.jsonrpc.RemoteEndpoint handleCancellation
WARNING: Unmatched cancel notification for request id 3424
2023.05.14 23:30:43 WARN  no build target for: D:\Repo\sparkcql\sparkcql\src\test\scala\gov\va\sparkcql\common\StopwatchTest.scala
2023.05.14 23:31:10 WARN  no build target for: D:\Repo\sparkcql\sparkcql\src\test\scala\gov\va\sparkcql\common\StopwatchTest.scala
2023.05.14 23:31:10 WARN  Using indexes to guess the definition of Stopwatch
2023.05.14 23:31:10 WARN  no build target for: D:\Repo\sparkcql\sparkcql\src\test\scala\gov\va\sparkcql\common\StopwatchTest.scala
May 14, 2023 11:31:22 PM org.eclipse.lsp4j.jsonrpc.RemoteEndpoint fallbackResponseError
SEVERE: Internal error: java.lang.StringIndexOutOfBoundsException: begin 422, end 459, length 448
java.util.concurrent.CompletionException: java.lang.StringIndexOutOfBoundsException: begin 422, end 459, length 448
	at java.base/java.util.concurrent.CompletableFuture.encodeThrowable(CompletableFuture.java:332)
	at java.base/java.util.concurrent.CompletableFuture.completeThrowable(CompletableFuture.java:347)
	at java.base/java.util.concurrent.CompletableFuture$UniAccept.tryFire(CompletableFuture.java:708)
	at java.base/java.util.concurrent.CompletableFuture.postComplete(CompletableFuture.java:510)
	at java.base/java.util.concurrent.CompletableFuture.completeExceptionally(CompletableFuture.java:2162)
	at scala.meta.internal.metals.CancelTokens$.$anonfun$future$1(CancelTokens.scala:40)
	at scala.meta.internal.metals.CancelTokens$.$anonfun$future$1$adapted(CancelTokens.scala:38)
	at scala.concurrent.impl.Promise$Transformation.run(Promise.scala:484)
	at java.base/java.util.concurrent.ThreadPoolExecutor.runWorker(ThreadPoolExecutor.java:1136)
	at java.base/java.util.concurrent.ThreadPoolExecutor$Worker.run(ThreadPoolExecutor.java:635)
	at java.base/java.lang.Thread.run(Thread.java:833)
Caused by: java.lang.StringIndexOutOfBoundsException: begin 422, end 459, length 448
	at java.base/java.lang.String.checkBoundsBeginEnd(String.java:4602)
	at java.base/java.lang.String.substring(String.java:2705)
	at scala.meta.internal.metals.codeactions.FlatMapToForComprehensionCodeAction.getIndentForPos(FlatMapToForComprehensionCodeAction.scala:677)
	at scala.meta.internal.metals.codeactions.FlatMapToForComprehensionCodeAction.$anonfun$contribute$4(FlatMapToForComprehensionCodeAction.scala:57)
	at scala.Option.map(Option.scala:242)
	at scala.meta.internal.metals.codeactions.FlatMapToForComprehensionCodeAction.$anonfun$contribute$3(FlatMapToForComprehensionCodeAction.scala:53)
	at scala.Option.flatMap(Option.scala:283)
	at scala.meta.internal.metals.codeactions.FlatMapToForComprehensionCodeAction.$anonfun$contribute$2(FlatMapToForComprehensionCodeAction.scala:52)
	at scala.Option.flatMap(Option.scala:283)
	at scala.meta.internal.metals.codeactions.FlatMapToForComprehensionCodeAction.$anonfun$contribute$1(FlatMapToForComprehensionCodeAction.scala:51)
	at scala.concurrent.Future$.$anonfun$apply$1(Future.scala:678)
	at scala.concurrent.impl.Promise$Transformation.run(Promise.scala:467)
	... 3 more

2023.05.14 23:31:33 WARN  no build target for: D:\Repo\sparkcql\sparkcql\src\test\scala\gov\va\sparkcql\common\StopwatchTest.scala
2023.05.14 23:31:53 WARN  Using indexes to guess the definition of lapse
2023.05.14 23:31:53 WARN  Using indexes to guess the definition of lapse
2023.05.14 23:32:02 WARN  Using indexes to guess the definition of Stopwatch
2023.05.14 23:32:02 WARN  Using indexes to guess the definition of Stopwatch
2023.05.14 23:32:02 WARN  no build target for: D:\Repo\sparkcql\sparkcql\src\main\scala\gov\va\sparkcql\common\Stopwatch.scala
2023.05.14 23:32:08 WARN  no build target for: D:\Repo\sparkcql\sparkcql\src\main\scala\gov\va\sparkcql\common\Stopwatch.scala
2023.05.14 23:32:14 WARN  no build target for: D:\Repo\sparkcql\sparkcql\src\test\scala\gov\va\sparkcql\common\StopwatchTest.scala
2023.05.14 23:32:34 WARN  no build target for: D:\Repo\sparkcql\sparkcql\src\test\scala\gov\va\sparkcql\common\StopwatchTest.scala
2023.05.14 23:32:41 WARN  no build target for: D:\Repo\sparkcql\sparkcql\src\test\scala\gov\va\sparkcql\common\StopwatchTest.scala
2023.05.14 23:32:46 WARN  no build target for: D:\Repo\sparkcql\sparkcql\src\test\scala\gov\va\sparkcql\common\StopwatchTest.scala
2023.05.14 23:33:03 WARN  no build target for: D:\Repo\sparkcql\sparkcql\src\test\scala\gov\va\sparkcql\common\StopwatchTest.scala
2023.05.14 23:33:12 WARN  no build target for: D:\Repo\sparkcql\sparkcql\src\test\scala\gov\va\sparkcql\common\StopwatchTest.scala
2023.05.14 23:33:50 WARN  no build target for: D:\Repo\sparkcql\sparkcql\src\test\scala\gov\va\sparkcql\common\StopwatchTest.scala
2023.05.14 23:34:18 WARN  no build target for: D:\Repo\sparkcql\sparkcql\src\test\scala\gov\va\sparkcql\common\StopwatchTest.scala
2023.05.14 23:34:25 WARN  no build target for: D:\Repo\sparkcql\sparkcql\src\test\scala\gov\va\sparkcql\common\StopwatchTest.scala
2023.05.14 23:34:39 WARN  no build target for: D:\Repo\sparkcql\sparkcql\src\main\scala\gov\va\sparkcql\common\Stopwatch.scala
2023.05.14 23:34:48 WARN  no build target for: D:\Repo\sparkcql\sparkcql\src\test\scala\gov\va\sparkcql\evaluator\MockResourceProvider.java
2023.05.14 23:34:48 WARN  no build target for: D:\Repo\sparkcql\sparkcql\src\test\scala\gov\va\sparkcql\evaluator\SparkTransformerTest.java
2023.05.14 23:34:50 WARN  no build target for: D:\Repo\sparkcql\sparkcql\src\test\scala\gov\va\sparkcql\evaluator\MockResourceProvider.java
2023.05.14 23:34:57 WARN  no build tool detected in workspace 'D:\Repo\sparkcql'. The most common cause for this problem is that the editor was opened in the wrong working directory, for example if you use sbt then the workspace directory should contain build.sbt. 
2023.05.14 23:35:03 INFO  Shutting down server
2023.05.14 23:35:03 INFO  shutting down Metals
2023.05.14 23:35:03 INFO  Exiting server
